<?xml version="1.0" encoding="UTF-8"?>
<!-- Generated by org.testng.reporters.JUnitXMLReporter -->
<testsuite ignored="0" hostname="LAPTOP-RQ5ADVUS" failures="0" tests="3" name="Default test" time="29.891" errors="0" timestamp="2024-03-25T23:17:25 EET">
  <testcase classname="leaders.joWebsite.myTestCases" name="addToTheCart" time="7.092"/>
  <testcase classname="leaders.joWebsite.myTestCases" name="signup" time="10.666"/>
  <testcase classname="leaders.joWebsite.myTestCases" name="changePassword" time="7.602"/>
</testsuite> <!-- Default test -->
