<?xml version="1.0" encoding="UTF-8"?>
<testng-results ignored="0" total="3" passed="3" failed="0" skipped="0">
  <reporter-output>
  </reporter-output>
  <suite started-at="2024-03-25T23:16:56 EET" name="Default suite" finished-at="2024-03-25T23:17:25 EET" duration-ms="29891">
    <groups>
    </groups>
    <test started-at="2024-03-25T23:16:56 EET" name="Default test" finished-at="2024-03-25T23:17:25 EET" duration-ms="29891">
      <class name="leaders.joWebsite.myTestCases">
        <test-method is-config="true" signature="beforeTest()[pri:0, instance:leaders.joWebsite.myTestCases@4f18837a]" started-at="2024-03-25T23:16:56 EET" name="beforeTest" finished-at="2024-03-25T23:17:00 EET" duration-ms="4504" status="PASS">
          <reporter-output>
          </reporter-output>
        </test-method> <!-- beforeTest -->
        <test-method signature="addToTheCart()[pri:1, instance:leaders.joWebsite.myTestCases@4f18837a]" started-at="2024-03-25T23:17:00 EET" name="addToTheCart" finished-at="2024-03-25T23:17:07 EET" duration-ms="7092" status="PASS">
          <reporter-output>
          </reporter-output>
        </test-method> <!-- addToTheCart -->
        <test-method signature="signup()[pri:2, instance:leaders.joWebsite.myTestCases@4f18837a]" started-at="2024-03-25T23:17:07 EET" name="signup" finished-at="2024-03-25T23:17:18 EET" duration-ms="10666" status="PASS">
          <reporter-output>
          </reporter-output>
        </test-method> <!-- signup -->
        <test-method signature="changePassword()[pri:3, instance:leaders.joWebsite.myTestCases@4f18837a]" started-at="2024-03-25T23:17:18 EET" name="changePassword" finished-at="2024-03-25T23:17:25 EET" duration-ms="7602" status="PASS">
          <reporter-output>
          </reporter-output>
        </test-method> <!-- changePassword -->
        <test-method is-config="true" signature="postTest()[pri:0, instance:leaders.joWebsite.myTestCases@4f18837a]" started-at="2024-03-25T23:17:25 EET" name="postTest" finished-at="2024-03-25T23:17:25 EET" duration-ms="0" status="PASS">
          <reporter-output>
          </reporter-output>
        </test-method> <!-- postTest -->
      </class> <!-- leaders.joWebsite.myTestCases -->
    </test> <!-- Default test -->
  </suite> <!-- Default suite -->
</testng-results>
